<?xml version="1.0" encoding="UTF-8"?>
<testsuite xmlns:xsi="http://www.w3.org/2001/XMLSchema-instance" xsi:noNamespaceSchemaLocation="https://maven.apache.org/surefire/maven-surefire-plugin/xsd/surefire-test-report-3.0.xsd" version="3.0" name="com.webapp.socialmedia.SocialMediaApplicationTests" time="12.256" tests="1" errors="0" skipped="0" failures="0">
  <properties>
[...]
</properties>
  <testcase name="contextLoads" classname="com.webapp.socialmedia.SocialMediaApplicationTests" time="0.46">
    <system-out><![CDATA[13:58:44.456 [main] INFO org.springframework.test.context.support.AnnotationConfigContextLoaderUtils -- Could not detect default configuration classes for test class [com.webapp.socialmedia.SocialMediaApplicationTests]: SocialMediaApplicationTests does not declare any static, non-private, non-final, nested classes annotated with @Configuration.
13:58:44.574 [main] INFO org.springframework.boot.test.context.SpringBootTestContextBootstrapper -- Found @SpringBootConfiguration com.webapp.socialmedia.SocialMediaApplication for test class com.webapp.socialmedia.SocialMediaApplicationTests

  .   ____          _            __ _ _
 /\\ / ___'_ __ _ _(_)_ __  __ _ \ \ \ \
( ( )\___ | '_ | '_| | '_ \/ _` | \ \ \ \
 \\/  ___)| |_)| | | | | || (_| |  ) ) ) )
  '  |____| .__|_| |_|_| |_\__, | / / / /
 =========|_|==============|___/=/_/_/_/
 :: Spring Boot ::                (v3.1.3)

2023-09-12T13:58:45.096+07:00  INFO 920 --- [           main] c.w.s.SocialMediaApplicationTests        : Starting SocialMediaApplicationTests using Java 17.0.8 with PID 920 (started by ASUS in D:\Git\TLCN\main\social-media-web)
2023-09-12T13:58:45.098+07:00  INFO 920 --- [           main] c.w.s.SocialMediaApplicationTests        : No active profile set, falling back to 1 default profile: "default"
2023-09-12T13:58:45.784+07:00  INFO 920 --- [           main] .s.d.r.c.RepositoryConfigurationDelegate : Bootstrapping Spring Data JPA repositories in DEFAULT mode.
2023-09-12T13:58:45.837+07:00  INFO 920 --- [           main] .s.d.r.c.RepositoryConfigurationDelegate : Finished Spring Data repository scanning in 45 ms. Found 1 JPA repository interfaces.
2023-09-12T13:58:46.288+07:00  INFO 920 --- [           main] o.hibernate.jpa.internal.util.LogHelper  : HHH000204: Processing PersistenceUnitInfo [name: default]
2023-09-12T13:58:46.348+07:00  INFO 920 --- [           main] org.hibernate.Version                    : HHH000412: Hibernate ORM core version 6.2.7.Final
2023-09-12T13:58:46.350+07:00  INFO 920 --- [           main] org.hibernate.cfg.Environment            : HHH000406: Using bytecode reflection optimizer
2023-09-12T13:58:46.565+07:00  INFO 920 --- [           main] o.h.b.i.BytecodeProviderInitiator        : HHH000021: Bytecode provider name : bytebuddy
2023-09-12T13:58:46.699+07:00  INFO 920 --- [           main] o.s.o.j.p.SpringPersistenceUnitInfo      : No LoadTimeWeaver setup: ignoring JPA class transformer
2023-09-12T13:58:46.715+07:00  INFO 920 --- [           main] com.zaxxer.hikari.HikariDataSource       : HikariPool-1 - Starting...
2023-09-12T13:58:48.004+07:00  INFO 920 --- [           main] com.zaxxer.hikari.pool.HikariPool        : HikariPool-1 - Added connection com.mysql.cj.jdbc.ConnectionImpl@44b9c7c4
2023-09-12T13:58:48.007+07:00  INFO 920 --- [           main] com.zaxxer.hikari.HikariDataSource       : HikariPool-1 - Start completed.
2023-09-12T13:58:48.122+07:00  WARN 920 --- [           main] org.hibernate.orm.deprecation            : HHH90000026: MySQL8Dialect has been deprecated; use org.hibernate.dialect.MySQLDialect instead
2023-09-12T13:58:48.365+07:00  INFO 920 --- [           main] o.h.b.i.BytecodeProviderInitiator        : HHH000021: Bytecode provider name : bytebuddy
2023-09-12T13:58:49.019+07:00  INFO 920 --- [           main] o.h.e.t.j.p.i.JtaPlatformInitiator       : HHH000490: Using JtaPlatform implementation: [org.hibernate.engine.transaction.jta.platform.internal.NoJtaPlatform]
Hibernate: 
    alter table _comment 
       drop 
       foreign key FKbk67nw7oal1g7m8cpgs7f8jky
Hibernate: 
    alter table _comment 
       drop 
       foreign key FK2tjbw9gmaashfqgwyb66bv6tu
Hibernate: 
    alter table _follower 
       drop 
       foreign key FKqkvmgo3mcyl95bm48v9wva5kb
Hibernate: 
    alter table _follower 
       drop 
       foreign key FKqc32dp11s76uw4ugihet2hrya
Hibernate: 
    alter table _media 
       drop 
       foreign key FK24bm3ycplmex7jbyf80civgns
Hibernate: 
    alter table _post 
       drop 
       foreign key FKbqru0m4ng61g69d3gkh3bgmsc
Hibernate: 
    alter table _profile 
       drop 
       foreign key FK51ru2nrkvg38l91jb078431lj
Hibernate: 
    alter table _reaction 
       drop 
       foreign key FKkyiahswf51b5a9hxhj8rgp66i
Hibernate: 
    alter table _reaction 
       drop 
       foreign key FKc9pgp84f0io3yjx00db1u798m
Hibernate: 
    drop table if exists _comment
Hibernate: 
    drop table if exists _follower
Hibernate: 
    drop table if exists _media
Hibernate: 
    drop table if exists _post
Hibernate: 
    drop table if exists _profile
Hibernate: 
    drop table if exists _reaction
Hibernate: 
    drop table if exists _user
Hibernate: 
    create table _comment (
        created_at datetime(6),
        updated_at datetime(6),
        replied_comment_id binary(16),
        comment text,
        id varchar(255) not null,
        post_id varchar(255),
        user_id varchar(255),
        primary key (id)
    ) engine=InnoDB
Hibernate: 
    create table _follower (
        followed_at datetime(6),
        followed_id varchar(255) not null,
        follower_id varchar(255) not null,
        primary key (followed_id, follower_id)
    ) engine=InnoDB
Hibernate: 
    create table _media (
        id binary(16) not null,
        link varchar(255),
        post_id varchar(255),
        primary key (id)
    ) engine=InnoDB
Hibernate: 
    create table _post (
        media_id bigint,
        caption text,
        id varchar(255) not null,
        user_id varchar(255),
        primary key (id)
    ) engine=InnoDB
Hibernate: 
    create table _profile (
        avatar varchar(255),
        bio varchar(255),
        full_name varchar(255),
        user_id varchar(255) not null,
        primary key (user_id)
    ) engine=InnoDB
Hibernate: 
    create table _reaction (
        post_id varchar(255) not null,
        user_id varchar(255) not null,
        primary key (post_id, user_id)
    ) engine=InnoDB
Hibernate: 
    create table _user (
        is_deleted bit,
        role tinyint,
        created_at datetime(6),
        updated_at datetime(6),
        email varchar(255),
        id varchar(255) not null,
        password varchar(255),
        phone varchar(255),
        username varchar(255),
        primary key (id)
    ) engine=InnoDB
Hibernate: 
    alter table _comment 
       add constraint FKbk67nw7oal1g7m8cpgs7f8jky 
       foreign key (post_id) 
       references _post (id)
Hibernate: 
    alter table _comment 
       add constraint FK2tjbw9gmaashfqgwyb66bv6tu 
       foreign key (user_id) 
       references _user (id)
Hibernate: 
    alter table _follower 
       add constraint FKqkvmgo3mcyl95bm48v9wva5kb 
       foreign key (follower_id) 
       references _user (id)
Hibernate: 
    alter table _follower 
       add constraint FKqc32dp11s76uw4ugihet2hrya 
       foreign key (followed_id) 
       references _user (id)
Hibernate: 
    alter table _media 
       add constraint FK24bm3ycplmex7jbyf80civgns 
       foreign key (post_id) 
       references _post (id)
Hibernate: 
    alter table _post 
       add constraint FKbqru0m4ng61g69d3gkh3bgmsc 
       foreign key (user_id) 
       references _user (id)
Hibernate: 
    alter table _profile 
       add constraint FK51ru2nrkvg38l91jb078431lj 
       foreign key (user_id) 
       references _user (id)
Hibernate: 
    alter table _reaction 
       add constraint FKkyiahswf51b5a9hxhj8rgp66i 
       foreign key (user_id) 
       references _user (id)
Hibernate: 
    alter table _reaction 
       add constraint FKc9pgp84f0io3yjx00db1u798m 
       foreign key (post_id) 
       references _post (id)
2023-09-12T13:58:54.600+07:00  INFO 920 --- [           main] j.LocalContainerEntityManagerFactoryBean : Initialized JPA EntityManagerFactory for persistence unit 'default'
2023-09-12T13:58:55.092+07:00  WARN 920 --- [           main] JpaBaseConfiguration$JpaWebConfiguration : spring.jpa.open-in-view is enabled by default. Therefore, database queries may be performed during view rendering. Explicitly configure spring.jpa.open-in-view to disable this warning
2023-09-12T13:58:55.491+07:00  INFO 920 --- [           main] c.w.s.SocialMediaApplicationTests        : Started SocialMediaApplicationTests in 10.759 seconds (process running for 11.797)
Hibernate: 
    select
        u1_0.id,
        u1_0.created_at,
        u1_0.email,
        u1_0.is_deleted,
        u1_0.password,
        u1_0.phone,
        u1_0.role,
        u1_0.updated_at,
        u1_0.username 
    from
        _user u1_0 
    where
        u1_0.id=?
Hibernate: 
    insert 
    into
        _user
        (created_at,email,is_deleted,password,phone,role,updated_at,username,id) 
    values
        (?,?,?,?,?,?,?,?,?)
]]></system-out>
    <system-err><![CDATA[a7006820-b094-4cc1-8272-a41e7b0d5ffb
90670a2b-0a5e-4536-ae8c-39d337cccf27
]]></system-err>
  </testcase>
</testsuite>